<?xml version="1.0" encoding="UTF-8"?>
<testng-results ignored="0" total="1" passed="1" failed="0" skipped="0">
  <reporter-output>
  </reporter-output>
  <suite started-at="2021-12-03T14:04:36Z" name="Surefire suite" finished-at="2021-12-03T14:04:36Z" duration-ms="25">
    <groups>
    </groups>
    <test started-at="2021-12-03T14:04:36Z" name="Surefire test" finished-at="2021-12-03T14:04:36Z" duration-ms="25">
      <class name="mygit.NewGit.AppTest">
        <test-method signature="shouldAnswerWithTrue()" started-at="2021-12-03T19:34:36Z" name="shouldAnswerWithTrue" finished-at="2021-12-03T19:34:36Z" duration-ms="3" status="PASS">
          <reporter-output>
          </reporter-output>
        </test-method> <!-- shouldAnswerWithTrue -->
      </class> <!-- mygit.NewGit.AppTest -->
    </test> <!-- Surefire test -->
  </suite> <!-- Surefire suite -->
</testng-results>
