<?xml version="1.0" encoding="UTF-8"?>
<!-- Generated by org.testng.reporters.JUnitXMLReporter -->
<testsuite ignored="0" hostname="LAPTOP-FAREL36J" failures="0" tests="3" name="Default test" time="0.025" errors="0" timestamp="03 Dec 2021 13:10:43 GMT">
  <testcase classname="com.qa.testpack1.FirstTest" name="Test1" time="0.008"/>
  <testcase classname="com.qa.testpack1.FirstTest" name="Test2" time="0.001"/>
  <testcase classname="com.qa.testpack1.FirstTest" name="Test3" time="0.001"/>
</testsuite> <!-- Default test -->
