<?xml version="1.0" encoding="UTF-8"?>
<!-- Generated by org.testng.reporters.JUnitXMLReporter -->
<testsuite ignored="0" hostname="LAPTOP-FAREL36J" failures="0" tests="9" name="Surefire test" time="0.024" errors="0" timestamp="03 Dec 2021 14:04:36 GMT">
  <testcase classname="com.qa.testpack1.FirstTest" name="Test1" time="0.006"/>
  <testcase classname="com.qa.testpack1.FirstTest" name="Test2" time="0.0"/>
  <testcase classname="com.qa.testpack1.FirstTest" name="Test3" time="0.0"/>
  <testcase classname="com.qa.testpack1.SecondTest" name="Test1" time="0.0"/>
  <testcase classname="com.qa.testpack1.SecondTest" name="Test2" time="0.002"/>
  <testcase classname="com.qa.testpack1.SecondTest" name="Test3" time="0.0"/>
  <testcase classname="com.qa.testpack1.ThirdTest" name="Test1" time="0.0"/>
  <testcase classname="com.qa.testpack1.ThirdTest" name="Test2" time="0.0"/>
  <testcase classname="com.qa.testpack1.ThirdTest" name="Test3" time="0.0"/>
</testsuite> <!-- Surefire test -->
