<?xml version="1.0" encoding="UTF-8"?>
<testng-results ignored="0" total="9" passed="9" failed="0" skipped="0">
  <reporter-output>
  </reporter-output>
  <suite started-at="2021-12-03T14:04:36Z" name="Surefire suite" finished-at="2021-12-03T14:04:36Z" duration-ms="24">
    <groups>
    </groups>
    <test started-at="2021-12-03T14:04:36Z" name="Surefire test" finished-at="2021-12-03T14:04:36Z" duration-ms="24">
      <class name="com.qa.testpack1.ThirdTest">
        <test-method signature="Test1()[pri:0, instance:com.qa.testpack1.ThirdTest@7ec7ffd3]" started-at="2021-12-03T19:34:36Z" name="Test1" finished-at="2021-12-03T19:34:36Z" duration-ms="0" status="PASS">
          <reporter-output>
          </reporter-output>
        </test-method> <!-- Test1 -->
        <test-method signature="Test3()[pri:0, instance:com.qa.testpack1.ThirdTest@7ec7ffd3]" started-at="2021-12-03T19:34:36Z" name="Test3" finished-at="2021-12-03T19:34:36Z" duration-ms="0" status="PASS">
          <reporter-output>
          </reporter-output>
        </test-method> <!-- Test3 -->
        <test-method signature="Test2()[pri:0, instance:com.qa.testpack1.ThirdTest@7ec7ffd3]" started-at="2021-12-03T19:34:36Z" name="Test2" finished-at="2021-12-03T19:34:36Z" duration-ms="0" status="PASS">
          <reporter-output>
          </reporter-output>
        </test-method> <!-- Test2 -->
      </class> <!-- com.qa.testpack1.ThirdTest -->
      <class name="com.qa.testpack1.SecondTest">
        <test-method signature="Test1()[pri:0, instance:com.qa.testpack1.SecondTest@5876a9af]" started-at="2021-12-03T19:34:36Z" name="Test1" finished-at="2021-12-03T19:34:36Z" duration-ms="0" status="PASS">
          <reporter-output>
          </reporter-output>
        </test-method> <!-- Test1 -->
        <test-method signature="Test2()[pri:0, instance:com.qa.testpack1.SecondTest@5876a9af]" started-at="2021-12-03T19:34:36Z" name="Test2" finished-at="2021-12-03T19:34:36Z" duration-ms="2" status="PASS">
          <reporter-output>
          </reporter-output>
        </test-method> <!-- Test2 -->
        <test-method signature="Test3()[pri:0, instance:com.qa.testpack1.SecondTest@5876a9af]" started-at="2021-12-03T19:34:36Z" name="Test3" finished-at="2021-12-03T19:34:36Z" duration-ms="0" status="PASS">
          <reporter-output>
          </reporter-output>
        </test-method> <!-- Test3 -->
      </class> <!-- com.qa.testpack1.SecondTest -->
      <class name="com.qa.testpack1.FirstTest">
        <test-method signature="Test1()[pri:0, instance:com.qa.testpack1.FirstTest@9f116cc]" started-at="2021-12-03T19:34:36Z" name="Test1" finished-at="2021-12-03T19:34:36Z" duration-ms="6" status="PASS">
          <reporter-output>
          </reporter-output>
        </test-method> <!-- Test1 -->
        <test-method signature="Test2()[pri:0, instance:com.qa.testpack1.FirstTest@9f116cc]" started-at="2021-12-03T19:34:36Z" name="Test2" finished-at="2021-12-03T19:34:36Z" duration-ms="0" status="PASS">
          <reporter-output>
          </reporter-output>
        </test-method> <!-- Test2 -->
        <test-method signature="Test3()[pri:0, instance:com.qa.testpack1.FirstTest@9f116cc]" started-at="2021-12-03T19:34:36Z" name="Test3" finished-at="2021-12-03T19:34:36Z" duration-ms="0" status="PASS">
          <reporter-output>
          </reporter-output>
        </test-method> <!-- Test3 -->
      </class> <!-- com.qa.testpack1.FirstTest -->
    </test> <!-- Surefire test -->
  </suite> <!-- Surefire suite -->
</testng-results>
