<?xml version="1.0" encoding="UTF-8"?>
<testsuite xmlns:xsi="http://www.w3.org/2001/XMLSchema-instance" xsi:noNamespaceSchemaLocation="https://maven.apache.org/surefire/maven-surefire-plugin/xsd/surefire-test-report.xsd" name="TestSuite" time="0.355" tests="10" errors="0" skipped="0" failures="0">
  <properties>
[...]
</properties>
  <testcase name="Test1" classname="com.qa.testpack1.FirstTest" time="0.006"/>
  <testcase name="Test2" classname="com.qa.testpack1.FirstTest" time="0"/>
  <testcase name="Test3" classname="com.qa.testpack1.FirstTest" time="0"/>
  <testcase name="Test1" classname="com.qa.testpack1.SecondTest" time="0"/>
  <testcase name="Test2" classname="com.qa.testpack1.SecondTest" time="0.001"/>
  <testcase name="Test3" classname="com.qa.testpack1.SecondTest" time="0"/>
  <testcase name="Test1" classname="com.qa.testpack1.ThirdTest" time="0.001"/>
  <testcase name="Test2" classname="com.qa.testpack1.ThirdTest" time="0"/>
  <testcase name="Test3" classname="com.qa.testpack1.ThirdTest" time="0"/>
  <testcase name="shouldAnswerWithTrue on shouldAnswerWithTrue(mygit.NewGit.AppTest)" classname="mygit.NewGit.AppTest" time="0"/>
</testsuite>