<?xml version="1.0" encoding="UTF-8"?>
<testng-results ignored="0" total="3" passed="3" failed="0" skipped="0">
  <reporter-output>
  </reporter-output>
  <suite started-at="2021-12-03T13:10:43Z" name="Default suite" finished-at="2021-12-03T13:10:43Z" duration-ms="25">
    <groups>
    </groups>
    <test started-at="2021-12-03T13:10:43Z" name="Default test" finished-at="2021-12-03T13:10:43Z" duration-ms="25">
      <class name="com.qa.testpack1.FirstTest">
        <test-method signature="Test1()[pri:0, instance:com.qa.testpack1.FirstTest@4eaf3684]" started-at="2021-12-03T18:40:43Z" name="Test1" finished-at="2021-12-03T18:40:43Z" duration-ms="8" status="PASS">
          <reporter-output>
          </reporter-output>
        </test-method> <!-- Test1 -->
        <test-method signature="Test2()[pri:0, instance:com.qa.testpack1.FirstTest@4eaf3684]" started-at="2021-12-03T18:40:43Z" name="Test2" finished-at="2021-12-03T18:40:43Z" duration-ms="1" status="PASS">
          <reporter-output>
          </reporter-output>
        </test-method> <!-- Test2 -->
        <test-method signature="Test3()[pri:0, instance:com.qa.testpack1.FirstTest@4eaf3684]" started-at="2021-12-03T18:40:43Z" name="Test3" finished-at="2021-12-03T18:40:43Z" duration-ms="1" status="PASS">
          <reporter-output>
          </reporter-output>
        </test-method> <!-- Test3 -->
      </class> <!-- com.qa.testpack1.FirstTest -->
    </test> <!-- Default test -->
  </suite> <!-- Default suite -->
</testng-results>
